<?xml version="1.0" encoding="UTF-8"?>
<testsuite name="multipart.WithoutMultipartResolverIntegrationTest" tests="4" skipped="0" failures="0" errors="0" timestamp="2022-04-29T16:14:40" hostname="DESKTOP-RGN2VOK" time="0.745">
  <properties/>
  <testcase name="[1] url=/multipart/args" classname="multipart.WithoutMultipartResolverIntegrationTest" time="0.658"/>
  <testcase name="[2] url=/part/args" classname="multipart.WithoutMultipartResolverIntegrationTest" time="0.018"/>
  <testcase name="[3] url=/part/bind" classname="multipart.WithoutMultipartResolverIntegrationTest" time="0.025"/>
  <testcase name="[1] url=/multipart/bind" classname="multipart.WithoutMultipartResolverIntegrationTest" time="0.019"/>
  <system-out><![CDATA[01:14:36.745 [Test worker] DEBUG org.springframework.test.context.BootstrapUtils - Instantiating CacheAwareContextLoaderDelegate from class [org.springframework.test.context.cache.DefaultCacheAwareContextLoaderDelegate]
01:14:36.761 [Test worker] DEBUG org.springframework.test.context.BootstrapUtils - Instantiating BootstrapContext using constructor [public org.springframework.test.context.support.DefaultBootstrapContext(java.lang.Class,org.springframework.test.context.CacheAwareContextLoaderDelegate)]
01:14:36.803 [Test worker] DEBUG org.springframework.test.context.BootstrapUtils - Instantiating TestContextBootstrapper for test class [multipart.WithoutMultipartResolverIntegrationTest] from class [org.springframework.boot.test.context.SpringBootTestContextBootstrapper]
01:14:36.817 [Test worker] INFO org.springframework.boot.test.context.SpringBootTestContextBootstrapper - Neither @ContextConfiguration nor @ContextHierarchy found for test class [multipart.WithoutMultipartResolverIntegrationTest], using SpringBootContextLoader
01:14:36.821 [Test worker] DEBUG org.springframework.test.context.support.AbstractContextLoader - Did not detect default resource location for test class [multipart.WithoutMultipartResolverIntegrationTest]: class path resource [multipart/WithoutMultipartResolverIntegrationTest-context.xml] does not exist
01:14:36.822 [Test worker] DEBUG org.springframework.test.context.support.AbstractContextLoader - Did not detect default resource location for test class [multipart.WithoutMultipartResolverIntegrationTest]: class path resource [multipart/WithoutMultipartResolverIntegrationTestContext.groovy] does not exist
01:14:36.822 [Test worker] INFO org.springframework.test.context.support.AbstractContextLoader - Could not detect default resource locations for test class [multipart.WithoutMultipartResolverIntegrationTest]: no resource found for suffixes {-context.xml, Context.groovy}.
01:14:36.892 [Test worker] DEBUG org.springframework.test.context.support.ActiveProfilesUtils - Could not find an 'annotation declaring class' for annotation type [org.springframework.test.context.ActiveProfiles] and class [multipart.WithoutMultipartResolverIntegrationTest]
01:14:36.963 [Test worker] DEBUG org.springframework.context.annotation.ClassPathScanningCandidateComponentProvider - Identified candidate component class: file [F:\repositories\random\examples\multipart\resolver-config-test\build\classes\java\main\multipart\MultipartPracticeMain.class]
01:14:36.966 [Test worker] INFO org.springframework.boot.test.context.SpringBootTestContextBootstrapper - Found @SpringBootConfiguration multipart.MultipartPracticeMain for test class multipart.WithoutMultipartResolverIntegrationTest
01:14:37.089 [Test worker] DEBUG org.springframework.boot.test.context.SpringBootTestContextBootstrapper - @TestExecutionListeners is not present for class [multipart.WithoutMultipartResolverIntegrationTest]: using defaults.
01:14:37.090 [Test worker] INFO org.springframework.boot.test.context.SpringBootTestContextBootstrapper - Loaded default TestExecutionListener class names from location [META-INF/spring.factories]: [org.springframework.boot.test.autoconfigure.restdocs.RestDocsTestExecutionListener, org.springframework.boot.test.autoconfigure.web.client.MockRestServiceServerResetTestExecutionListener, org.springframework.boot.test.autoconfigure.web.servlet.MockMvcPrintOnlyOnFailureTestExecutionListener, org.springframework.boot.test.autoconfigure.web.servlet.WebDriverTestExecutionListener, org.springframework.boot.test.autoconfigure.webservices.client.MockWebServiceServerTestExecutionListener, org.springframework.boot.test.mock.mockito.MockitoTestExecutionListener, org.springframework.boot.test.mock.mockito.ResetMocksTestExecutionListener, org.springframework.test.context.web.ServletTestExecutionListener, org.springframework.test.context.support.DirtiesContextBeforeModesTestExecutionListener, org.springframework.test.context.event.ApplicationEventsTestExecutionListener, org.springframework.test.context.support.DependencyInjectionTestExecutionListener, org.springframework.test.context.support.DirtiesContextTestExecutionListener, org.springframework.test.context.transaction.TransactionalTestExecutionListener, org.springframework.test.context.jdbc.SqlScriptsTestExecutionListener, org.springframework.test.context.event.EventPublishingTestExecutionListener]
01:14:37.104 [Test worker] DEBUG org.springframework.boot.test.context.SpringBootTestContextBootstrapper - Skipping candidate TestExecutionListener [org.springframework.test.context.transaction.TransactionalTestExecutionListener] due to a missing dependency. Specify custom listener classes or make the default listener classes and their required dependencies available. Offending class: [org/springframework/transaction/interceptor/TransactionAttributeSource]
01:14:37.104 [Test worker] DEBUG org.springframework.boot.test.context.SpringBootTestContextBootstrapper - Skipping candidate TestExecutionListener [org.springframework.test.context.jdbc.SqlScriptsTestExecutionListener] due to a missing dependency. Specify custom listener classes or make the default listener classes and their required dependencies available. Offending class: [org/springframework/transaction/interceptor/TransactionAttribute]
01:14:37.105 [Test worker] INFO org.springframework.boot.test.context.SpringBootTestContextBootstrapper - Using TestExecutionListeners: [org.springframework.test.context.web.ServletTestExecutionListener@31c269fd, org.springframework.test.context.support.DirtiesContextBeforeModesTestExecutionListener@372b0d86, org.springframework.test.context.event.ApplicationEventsTestExecutionListener@47747fb9, org.springframework.boot.test.mock.mockito.MockitoTestExecutionListener@3113a37, org.springframework.boot.test.autoconfigure.SpringBootDependencyInjectionTestExecutionListener@213e3629, org.springframework.test.context.support.DirtiesContextTestExecutionListener@4e9658b5, org.springframework.test.context.event.EventPublishingTestExecutionListener@2a7b6f69, org.springframework.boot.test.autoconfigure.restdocs.RestDocsTestExecutionListener@20312893, org.springframework.boot.test.autoconfigure.web.client.MockRestServiceServerResetTestExecutionListener@70eecdc2, org.springframework.boot.test.autoconfigure.web.servlet.MockMvcPrintOnlyOnFailureTestExecutionListener@c41709a, org.springframework.boot.test.autoconfigure.web.servlet.WebDriverTestExecutionListener@7db0565c, org.springframework.boot.test.autoconfigure.webservices.client.MockWebServiceServerTestExecutionListener@54ec8cc9, org.springframework.boot.test.mock.mockito.ResetMocksTestExecutionListener@52eacb4b]
01:14:37.110 [Test worker] DEBUG org.springframework.test.context.support.AbstractDirtiesContextTestExecutionListener - Before test class: context [DefaultTestContext@41c07648 testClass = WithoutMultipartResolverIntegrationTest, testInstance = [null], testMethod = [null], testException = [null], mergedContextConfiguration = [WebMergedContextConfiguration@1fe8d51b testClass = WithoutMultipartResolverIntegrationTest, locations = '{}', classes = '{class multipart.MultipartPracticeMain, class multipart.WithoutMultipartResolverIntegrationTest$ServletMultipartConfig}', contextInitializerClasses = '[]', activeProfiles = '{}', propertySourceLocations = '{}', propertySourceProperties = '{spring.servlet.multipart.enabled=false, org.springframework.boot.test.context.SpringBootTestContextBootstrapper=true, server.port=0}', contextCustomizers = set[org.springframework.boot.test.autoconfigure.actuate.metrics.MetricsExportContextCustomizerFactory$DisableMetricExportContextCustomizer@7e22550a, org.springframework.boot.test.autoconfigure.properties.PropertyMappingContextCustomizer@0, org.springframework.boot.test.autoconfigure.web.servlet.WebDriverContextCustomizerFactory$Customizer@1af146, org.springframework.boot.test.context.filter.ExcludeFilterContextCustomizer@fb9c7aa, org.springframework.boot.test.json.DuplicateJsonObjectContextCustomizerFactory$DuplicateJsonObjectContextCustomizer@21baa903, org.springframework.boot.test.mock.mockito.MockitoContextCustomizer@0, org.springframework.boot.test.web.client.TestRestTemplateContextCustomizer@20a8a64e, org.springframework.boot.test.context.SpringBootTestArgs@1, org.springframework.boot.test.context.SpringBootTestWebEnvironment@6ca18a14], resourceBasePath = 'src/main/webapp', contextLoader = 'org.springframework.boot.test.context.SpringBootContextLoader', parent = [null]], attributes = map['org.springframework.test.context.web.ServletTestExecutionListener.activateListener' -> false]], class annotated with @DirtiesContext [false] with mode [null].
01:14:37.418 [Test worker] DEBUG org.springframework.test.context.support.DependencyInjectionTestExecutionListener - Performing dependency injection for test context [[DefaultTestContext@41c07648 testClass = WithoutMultipartResolverIntegrationTest, testInstance = multipart.WithoutMultipartResolverIntegrationTest@415156bf, testMethod = [null], testException = [null], mergedContextConfiguration = [WebMergedContextConfiguration@1fe8d51b testClass = WithoutMultipartResolverIntegrationTest, locations = '{}', classes = '{class multipart.MultipartPracticeMain, class multipart.WithoutMultipartResolverIntegrationTest$ServletMultipartConfig}', contextInitializerClasses = '[]', activeProfiles = '{}', propertySourceLocations = '{}', propertySourceProperties = '{spring.servlet.multipart.enabled=false, org.springframework.boot.test.context.SpringBootTestContextBootstrapper=true, server.port=0}', contextCustomizers = set[org.springframework.boot.test.autoconfigure.actuate.metrics.MetricsExportContextCustomizerFactory$DisableMetricExportContextCustomizer@7e22550a, org.springframework.boot.test.autoconfigure.properties.PropertyMappingContextCustomizer@0, org.springframework.boot.test.autoconfigure.web.servlet.WebDriverContextCustomizerFactory$Customizer@1af146, org.springframework.boot.test.context.filter.ExcludeFilterContextCustomizer@fb9c7aa, org.springframework.boot.test.json.DuplicateJsonObjectContextCustomizerFactory$DuplicateJsonObjectContextCustomizer@21baa903, org.springframework.boot.test.mock.mockito.MockitoContextCustomizer@0, org.springframework.boot.test.web.client.TestRestTemplateContextCustomizer@20a8a64e, org.springframework.boot.test.context.SpringBootTestArgs@1, org.springframework.boot.test.context.SpringBootTestWebEnvironment@6ca18a14], resourceBasePath = 'src/main/webapp', contextLoader = 'org.springframework.boot.test.context.SpringBootContextLoader', parent = [null]], attributes = map['org.springframework.test.context.web.ServletTestExecutionListener.activateListener' -> false, 'org.springframework.test.context.event.ApplicationEventsTestExecutionListener.recordApplicationEvents' -> false]]].
01:14:37.444 [Test worker] DEBUG org.springframework.test.context.support.TestPropertySourceUtils - Adding inlined properties to environment: {spring.jmx.enabled=false, spring.servlet.multipart.enabled=false, org.springframework.boot.test.context.SpringBootTestContextBootstrapper=true, server.port=0}

  .   ____          _            __ _ _
 /\\ / ___'_ __ _ _(_)_ __  __ _ \ \ \ \
( ( )\___ | '_ | '_| | '_ \/ _` | \ \ \ \
 \\/  ___)| |_)| | | | | || (_| |  ) ) ) )
  '  |____| .__|_| |_|_| |_\__, | / / / /
 =========|_|==============|___/=/_/_/_/
 :: Spring Boot ::                (v2.4.2)

2022-04-30 01:14:37.800  INFO 25208 --- [    Test worker] .WithoutMultipartResolverIntegrationTest : Starting WithoutMultipartResolverIntegrationTest using Java 11.0.14.1 on DESKTOP-RGN2VOK with PID 25208 (started by wnwoq in F:\repositories\random\examples\multipart\resolver-config-test)
2022-04-30 01:14:37.803  INFO 25208 --- [    Test worker] .WithoutMultipartResolverIntegrationTest : No active profile set, falling back to default profiles: default
2022-04-30 01:14:39.034  INFO 25208 --- [    Test worker] o.s.b.w.embedded.tomcat.TomcatWebServer  : Tomcat initialized with port(s): 0 (http)
2022-04-30 01:14:39.050  INFO 25208 --- [    Test worker] o.apache.catalina.core.StandardService   : Starting service [Tomcat]
2022-04-30 01:14:39.051  INFO 25208 --- [    Test worker] org.apache.catalina.core.StandardEngine  : Starting Servlet engine: [Apache Tomcat/9.0.41]
2022-04-30 01:14:39.241  INFO 25208 --- [    Test worker] o.a.c.c.C.[Tomcat].[localhost].[/]       : Initializing Spring embedded WebApplicationContext
2022-04-30 01:14:39.241  INFO 25208 --- [    Test worker] w.s.c.ServletWebServerApplicationContext : Root WebApplicationContext: initialization completed in 1413 ms
2022-04-30 01:14:39.687  INFO 25208 --- [    Test worker] o.s.s.concurrent.ThreadPoolTaskExecutor  : Initializing ExecutorService 'applicationTaskExecutor'
2022-04-30 01:14:40.074  INFO 25208 --- [    Test worker] o.s.b.w.embedded.tomcat.TomcatWebServer  : Tomcat started on port(s): 10285 (http) with context path ''
2022-04-30 01:14:40.088  INFO 25208 --- [    Test worker] .WithoutMultipartResolverIntegrationTest : Started WithoutMultipartResolverIntegrationTest in 2.64 seconds (JVM running for 6.012)
{upload=[class path resource [myfile.txt]]}
2022-04-30 01:14:40.660  INFO 25208 --- [o-auto-1-exec-1] o.a.c.c.C.[Tomcat].[localhost].[/]       : Initializing Spring DispatcherServlet 'dispatcherServlet'
2022-04-30 01:14:40.661  INFO 25208 --- [o-auto-1-exec-1] o.s.web.servlet.DispatcherServlet        : Initializing Servlet 'dispatcherServlet'
2022-04-30 01:14:40.662  INFO 25208 --- [o-auto-1-exec-1] o.s.web.servlet.DispatcherServlet        : Completed initialization in 1 ms
2022-04-30 01:14:40.721  INFO 25208 --- [o-auto-1-exec-1] multipart.MultipartController            : MultipartFile=upload
2022-04-30 01:14:40.723  INFO 25208 --- [o-auto-1-exec-1] multipart.MultipartController            : Content=File content.
<200,File content.,[Content-Type:"text/plain;charset=UTF-8", Content-Length:"13", Date:"Fri, 29 Apr 2022 16:14:40 GMT", Keep-Alive:"timeout=60", Connection:"keep-alive"]>
{upload=[class path resource [myfile.txt]]}
2022-04-30 01:14:40.780  INFO 25208 --- [o-auto-1-exec-2] multipart.MultipartController            : Part=upload
2022-04-30 01:14:40.780  INFO 25208 --- [o-auto-1-exec-2] multipart.MultipartController            : Content=File content.
<200,File content.,[Content-Type:"text/plain;charset=UTF-8", Content-Length:"13", Date:"Fri, 29 Apr 2022 16:14:40 GMT", Keep-Alive:"timeout=60", Connection:"keep-alive"]>
{upload=[class path resource [myfile.txt]]}
2022-04-30 01:14:40.813  INFO 25208 --- [o-auto-1-exec-3] multipart.MultipartController            : Part=upload
2022-04-30 01:14:40.813  INFO 25208 --- [o-auto-1-exec-3] multipart.MultipartController            : Content=File content.
<200,File content.,[Content-Type:"text/plain;charset=UTF-8", Content-Length:"13", Date:"Fri, 29 Apr 2022 16:14:40 GMT", Keep-Alive:"timeout=60", Connection:"keep-alive"]>
{upload=[class path resource [myfile.txt]]}
<400,[Content-Length:"0", Date:"Fri, 29 Apr 2022 16:14:40 GMT", Connection:"close"]>
]]></system-out>
  <system-err><![CDATA[]]></system-err>
</testsuite>
