<?xml version="1.0" encoding="UTF-8"?>
<testsuite name="multipart.WithoutMultipartResolverIntegrationTest" tests="4" skipped="0" failures="0" errors="0" timestamp="2022-04-29T15:52:13" hostname="DESKTOP-RGN2VOK" time="0.093">
  <properties/>
  <testcase name="[1] url=/multipart/args" classname="multipart.WithoutMultipartResolverIntegrationTest" time="0.021"/>
  <testcase name="[2] url=/part/args" classname="multipart.WithoutMultipartResolverIntegrationTest" time="0.016"/>
  <testcase name="[3] url=/part/bind" classname="multipart.WithoutMultipartResolverIntegrationTest" time="0.019"/>
  <testcase name="[1] url=/multipart/bind" classname="multipart.WithoutMultipartResolverIntegrationTest" time="0.018"/>
  <system-out><![CDATA[2022-04-30 00:52:13.106  INFO 3260 --- [    Test worker] .b.t.c.SpringBootTestContextBootstrapper : Neither @ContextConfiguration nor @ContextHierarchy found for test class [multipart.WithoutMultipartResolverIntegrationTest], using SpringBootContextLoader
2022-04-30 00:52:13.107  INFO 3260 --- [    Test worker] o.s.t.c.support.AbstractContextLoader    : Could not detect default resource locations for test class [multipart.WithoutMultipartResolverIntegrationTest]: no resource found for suffixes {-context.xml, Context.groovy}.
2022-04-30 00:52:13.108  INFO 3260 --- [    Test worker] t.c.s.AnnotationConfigContextLoaderUtils : Could not detect default configuration classes for test class [multipart.WithoutMultipartResolverIntegrationTest]: WithoutMultipartResolverIntegrationTest does not declare any static, non-private, non-final, nested classes annotated with @Configuration.
2022-04-30 00:52:13.109  INFO 3260 --- [    Test worker] .b.t.c.SpringBootTestContextBootstrapper : Found @SpringBootConfiguration multipart.MultipartPracticeMain for test class multipart.WithoutMultipartResolverIntegrationTest
2022-04-30 00:52:13.111  INFO 3260 --- [    Test worker] .b.t.c.SpringBootTestContextBootstrapper : Loaded default TestExecutionListener class names from location [META-INF/spring.factories]: [org.springframework.boot.test.autoconfigure.restdocs.RestDocsTestExecutionListener, org.springframework.boot.test.autoconfigure.web.client.MockRestServiceServerResetTestExecutionListener, org.springframework.boot.test.autoconfigure.web.servlet.MockMvcPrintOnlyOnFailureTestExecutionListener, org.springframework.boot.test.autoconfigure.web.servlet.WebDriverTestExecutionListener, org.springframework.boot.test.autoconfigure.webservices.client.MockWebServiceServerTestExecutionListener, org.springframework.boot.test.mock.mockito.MockitoTestExecutionListener, org.springframework.boot.test.mock.mockito.ResetMocksTestExecutionListener, org.springframework.test.context.web.ServletTestExecutionListener, org.springframework.test.context.support.DirtiesContextBeforeModesTestExecutionListener, org.springframework.test.context.event.ApplicationEventsTestExecutionListener, org.springframework.test.context.support.DependencyInjectionTestExecutionListener, org.springframework.test.context.support.DirtiesContextTestExecutionListener, org.springframework.test.context.transaction.TransactionalTestExecutionListener, org.springframework.test.context.jdbc.SqlScriptsTestExecutionListener, org.springframework.test.context.event.EventPublishingTestExecutionListener]
2022-04-30 00:52:13.113  INFO 3260 --- [    Test worker] .b.t.c.SpringBootTestContextBootstrapper : Using TestExecutionListeners: [org.springframework.test.context.web.ServletTestExecutionListener@cf10c92, org.springframework.test.context.support.DirtiesContextBeforeModesTestExecutionListener@f76872f, org.springframework.test.context.event.ApplicationEventsTestExecutionListener@2d4e99de, org.springframework.boot.test.mock.mockito.MockitoTestExecutionListener@580ffea, org.springframework.boot.test.autoconfigure.SpringBootDependencyInjectionTestExecutionListener@191e654, org.springframework.test.context.support.DirtiesContextTestExecutionListener@3a6556b6, org.springframework.test.context.event.EventPublishingTestExecutionListener@63bca84d, org.springframework.boot.test.autoconfigure.restdocs.RestDocsTestExecutionListener@6141647f, org.springframework.boot.test.autoconfigure.web.client.MockRestServiceServerResetTestExecutionListener@6f6c8d45, org.springframework.boot.test.autoconfigure.web.servlet.MockMvcPrintOnlyOnFailureTestExecutionListener@7f2ca6f8, org.springframework.boot.test.autoconfigure.web.servlet.WebDriverTestExecutionListener@79d49790, org.springframework.boot.test.autoconfigure.webservices.client.MockWebServiceServerTestExecutionListener@13dc6649, org.springframework.boot.test.mock.mockito.ResetMocksTestExecutionListener@1851c7d2]

  .   ____          _            __ _ _
 /\\ / ___'_ __ _ _(_)_ __  __ _ \ \ \ \
( ( )\___ | '_ | '_| | '_ \/ _` | \ \ \ \
 \\/  ___)| |_)| | | | | || (_| |  ) ) ) )
  '  |____| .__|_| |_|_| |_\__, | / / / /
 =========|_|==============|___/=/_/_/_/
 :: Spring Boot ::                (v2.4.2)

2022-04-30 00:52:13.162  INFO 3260 --- [    Test worker] .WithoutMultipartResolverIntegrationTest : Starting WithoutMultipartResolverIntegrationTest using Java 11.0.14.1 on DESKTOP-RGN2VOK with PID 3260 (started by wnwoq in F:\repositories\gradle\multipart\app)
2022-04-30 00:52:13.164  INFO 3260 --- [    Test worker] .WithoutMultipartResolverIntegrationTest : No active profile set, falling back to default profiles: default
2022-04-30 00:52:13.486  INFO 3260 --- [    Test worker] o.s.b.w.embedded.tomcat.TomcatWebServer  : Tomcat initialized with port(s): 0 (http)
2022-04-30 00:52:13.487  INFO 3260 --- [    Test worker] o.apache.catalina.core.StandardService   : Starting service [Tomcat]
2022-04-30 00:52:13.488  INFO 3260 --- [    Test worker] org.apache.catalina.core.StandardEngine  : Starting Servlet engine: [Apache Tomcat/9.0.41]
2022-04-30 00:52:13.538  INFO 3260 --- [    Test worker] o.a.c.c.C.[Tomcat-1].[localhost].[/]     : Initializing Spring embedded WebApplicationContext
2022-04-30 00:52:13.538  INFO 3260 --- [    Test worker] w.s.c.ServletWebServerApplicationContext : Root WebApplicationContext: initialization completed in 368 ms
2022-04-30 00:52:13.744  INFO 3260 --- [    Test worker] o.s.s.concurrent.ThreadPoolTaskExecutor  : Initializing ExecutorService 'applicationTaskExecutor'
2022-04-30 00:52:13.965  INFO 3260 --- [    Test worker] o.s.b.w.embedded.tomcat.TomcatWebServer  : Tomcat started on port(s): 1631 (http) with context path ''
2022-04-30 00:52:13.968  INFO 3260 --- [    Test worker] .WithoutMultipartResolverIntegrationTest : Started WithoutMultipartResolverIntegrationTest in 0.845 seconds (JVM running for 8.5)
{upload=[class path resource [myfile.txt]]}
2022-04-30 00:52:13.982  INFO 3260 --- [o-auto-2-exec-1] o.a.c.c.C.[Tomcat-1].[localhost].[/]     : Initializing Spring DispatcherServlet 'dispatcherServlet'
2022-04-30 00:52:13.982  INFO 3260 --- [o-auto-2-exec-1] o.s.web.servlet.DispatcherServlet        : Initializing Servlet 'dispatcherServlet'
2022-04-30 00:52:13.983  INFO 3260 --- [o-auto-2-exec-1] o.s.web.servlet.DispatcherServlet        : Completed initialization in 1 ms
2022-04-30 00:52:13.986  INFO 3260 --- [o-auto-2-exec-1] multipart.MultipartController            : MultipartFile=upload
2022-04-30 00:52:13.986  INFO 3260 --- [o-auto-2-exec-1] multipart.MultipartController            : Content=File content.
<200,File content.,[Content-Type:"text/plain;charset=UTF-8", Content-Length:"13", Date:"Fri, 29 Apr 2022 15:52:13 GMT", Keep-Alive:"timeout=60", Connection:"keep-alive"]>
{upload=[class path resource [myfile.txt]]}
2022-04-30 00:52:14.008  INFO 3260 --- [o-auto-2-exec-2] multipart.MultipartController            : Part=upload
2022-04-30 00:52:14.008  INFO 3260 --- [o-auto-2-exec-2] multipart.MultipartController            : Content=File content.
<200,File content.,[Content-Type:"text/plain;charset=UTF-8", Content-Length:"13", Date:"Fri, 29 Apr 2022 15:52:13 GMT", Keep-Alive:"timeout=60", Connection:"keep-alive"]>
{upload=[class path resource [myfile.txt]]}
2022-04-30 00:52:14.033  INFO 3260 --- [o-auto-2-exec-3] multipart.MultipartController            : Part=upload
2022-04-30 00:52:14.033  INFO 3260 --- [o-auto-2-exec-3] multipart.MultipartController            : Content=File content.
<200,File content.,[Content-Type:"text/plain;charset=UTF-8", Content-Length:"13", Date:"Fri, 29 Apr 2022 15:52:13 GMT", Keep-Alive:"timeout=60", Connection:"keep-alive"]>
{upload=[class path resource [myfile.txt]]}
<400,[Content-Length:"0", Date:"Fri, 29 Apr 2022 15:52:13 GMT", Connection:"close"]>
]]></system-out>
  <system-err><![CDATA[]]></system-err>
</testsuite>
