<?xml version="1.0" encoding="UTF-8"?>
<testsuite name="multipart.WithoutMultipartResolverIntegrationTest" tests="4" skipped="0" failures="0" errors="0" timestamp="2022-05-01T01:52:41" hostname="DESKTOP-RGN2VOK" time="0.19">
  <properties/>
  <testcase name="[1] url=/multipart/args" classname="multipart.WithoutMultipartResolverIntegrationTest" time="0.066"/>
  <testcase name="[2] url=/part/args" classname="multipart.WithoutMultipartResolverIntegrationTest" time="0.027"/>
  <testcase name="[3] url=/part/bind" classname="multipart.WithoutMultipartResolverIntegrationTest" time="0.032"/>
  <testcase name="[1] url=/multipart/bind" classname="multipart.WithoutMultipartResolverIntegrationTest" time="0.029"/>
  <system-out><![CDATA[2022-05-01 10:52:40.635  INFO 13672 --- [    Test worker] .b.t.c.SpringBootTestContextBootstrapper : Neither @ContextConfiguration nor @ContextHierarchy found for test class [multipart.WithoutMultipartResolverIntegrationTest], using SpringBootContextLoader
2022-05-01 10:52:40.636  INFO 13672 --- [    Test worker] o.s.t.c.support.AbstractContextLoader    : Could not detect default resource locations for test class [multipart.WithoutMultipartResolverIntegrationTest]: no resource found for suffixes {-context.xml, Context.groovy}.
2022-05-01 10:52:40.640  INFO 13672 --- [    Test worker] .b.t.c.SpringBootTestContextBootstrapper : Found @SpringBootConfiguration multipart.MultipartPracticeMain for test class multipart.WithoutMultipartResolverIntegrationTest
2022-05-01 10:52:40.643  INFO 13672 --- [    Test worker] .b.t.c.SpringBootTestContextBootstrapper : Loaded default TestExecutionListener class names from location [META-INF/spring.factories]: [org.springframework.boot.test.autoconfigure.restdocs.RestDocsTestExecutionListener, org.springframework.boot.test.autoconfigure.web.client.MockRestServiceServerResetTestExecutionListener, org.springframework.boot.test.autoconfigure.web.servlet.MockMvcPrintOnlyOnFailureTestExecutionListener, org.springframework.boot.test.autoconfigure.web.servlet.WebDriverTestExecutionListener, org.springframework.boot.test.autoconfigure.webservices.client.MockWebServiceServerTestExecutionListener, org.springframework.boot.test.mock.mockito.MockitoTestExecutionListener, org.springframework.boot.test.mock.mockito.ResetMocksTestExecutionListener, org.springframework.test.context.web.ServletTestExecutionListener, org.springframework.test.context.support.DirtiesContextBeforeModesTestExecutionListener, org.springframework.test.context.event.ApplicationEventsTestExecutionListener, org.springframework.test.context.support.DependencyInjectionTestExecutionListener, org.springframework.test.context.support.DirtiesContextTestExecutionListener, org.springframework.test.context.transaction.TransactionalTestExecutionListener, org.springframework.test.context.jdbc.SqlScriptsTestExecutionListener, org.springframework.test.context.event.EventPublishingTestExecutionListener]
2022-05-01 10:52:40.645  INFO 13672 --- [    Test worker] .b.t.c.SpringBootTestContextBootstrapper : Using TestExecutionListeners: [org.springframework.test.context.web.ServletTestExecutionListener@6a6e9289, org.springframework.test.context.support.DirtiesContextBeforeModesTestExecutionListener@ff4b223, org.springframework.test.context.event.ApplicationEventsTestExecutionListener@61554b6b, org.springframework.boot.test.mock.mockito.MockitoTestExecutionListener@761f234c, org.springframework.boot.test.autoconfigure.SpringBootDependencyInjectionTestExecutionListener@687b0ddc, org.springframework.test.context.support.DirtiesContextTestExecutionListener@42b4df5a, org.springframework.test.context.event.EventPublishingTestExecutionListener@9f1ca74, org.springframework.boot.test.autoconfigure.restdocs.RestDocsTestExecutionListener@67b8d45, org.springframework.boot.test.autoconfigure.web.client.MockRestServiceServerResetTestExecutionListener@365e65bb, org.springframework.boot.test.autoconfigure.web.servlet.MockMvcPrintOnlyOnFailureTestExecutionListener@52f43225, org.springframework.boot.test.autoconfigure.web.servlet.WebDriverTestExecutionListener@55d1f065, org.springframework.boot.test.autoconfigure.webservices.client.MockWebServiceServerTestExecutionListener@f9a5e3f, org.springframework.boot.test.mock.mockito.ResetMocksTestExecutionListener@4aac81ca]

  .   ____          _            __ _ _
 /\\ / ___'_ __ _ _(_)_ __  __ _ \ \ \ \
( ( )\___ | '_ | '_| | '_ \/ _` | \ \ \ \
 \\/  ___)| |_)| | | | | || (_| |  ) ) ) )
  '  |____| .__|_| |_|_| |_\__, | / / / /
 =========|_|==============|___/=/_/_/_/
 :: Spring Boot ::                (v2.4.2)

2022-05-01 10:52:40.698  INFO 13672 --- [    Test worker] .WithoutMultipartResolverIntegrationTest : Starting WithoutMultipartResolverIntegrationTest using Java 11.0.14.1 on DESKTOP-RGN2VOK with PID 13672 (started by wnwoq in F:\repositories\random\examples\multipart\resolver-config-test)
2022-05-01 10:52:40.700  INFO 13672 --- [    Test worker] .WithoutMultipartResolverIntegrationTest : No active profile set, falling back to default profiles: default
2022-05-01 10:52:41.104  INFO 13672 --- [    Test worker] o.s.b.w.embedded.tomcat.TomcatWebServer  : Tomcat initialized with port(s): 0 (http)
2022-05-01 10:52:41.106  INFO 13672 --- [    Test worker] o.apache.catalina.core.StandardService   : Starting service [Tomcat]
2022-05-01 10:52:41.107  INFO 13672 --- [    Test worker] org.apache.catalina.core.StandardEngine  : Starting Servlet engine: [Apache Tomcat/9.0.41]
2022-05-01 10:52:41.197  INFO 13672 --- [    Test worker] o.a.c.c.C.[Tomcat-1].[localhost].[/]     : Initializing Spring embedded WebApplicationContext
2022-05-01 10:52:41.198  INFO 13672 --- [    Test worker] w.s.c.ServletWebServerApplicationContext : Root WebApplicationContext: initialization completed in 492 ms
2022-05-01 10:52:41.492  INFO 13672 --- [    Test worker] o.s.s.concurrent.ThreadPoolTaskExecutor  : Initializing ExecutorService 'applicationTaskExecutor'
2022-05-01 10:52:41.823  INFO 13672 --- [    Test worker] o.s.b.w.embedded.tomcat.TomcatWebServer  : Tomcat started on port(s): 7756 (http) with context path ''
2022-05-01 10:52:41.826  INFO 13672 --- [    Test worker] .WithoutMultipartResolverIntegrationTest : Started WithoutMultipartResolverIntegrationTest in 1.168 seconds (JVM running for 10.238)
RequestBody: {upload=[class path resource [myfile.txt]], uploadList=[class path resource [myfile.txt], class path resource [myfile.txt], class path resource [myfile.txt]], username=[binchoo], usernameList=[binchoo, binchoo, binchoo]}
2022-05-01 10:52:41.898  INFO 13672 --- [o-auto-2-exec-4] o.a.c.c.C.[Tomcat-1].[localhost].[/]     : Initializing Spring DispatcherServlet 'dispatcherServlet'
2022-05-01 10:52:41.899  INFO 13672 --- [o-auto-2-exec-4] o.s.web.servlet.DispatcherServlet        : Initializing Servlet 'dispatcherServlet'
2022-05-01 10:52:41.903  INFO 13672 --- [o-auto-2-exec-4] o.s.web.servlet.DispatcherServlet        : Completed initialization in 3 ms
2022-05-01 10:52:41.908  INFO 13672 --- [o-auto-2-exec-4] multipart.MultipartController            : MultipartFile=upload
2022-05-01 10:52:41.909  INFO 13672 --- [o-auto-2-exec-4] multipart.MultipartController            : Content=File content.
<200,File content.,[Content-Type:"text/plain;charset=UTF-8", Content-Length:"13", Date:"Sun, 01 May 2022 01:52:41 GMT", Keep-Alive:"timeout=60", Connection:"keep-alive"]>
RequestBody: {upload=[class path resource [myfile.txt]], uploadList=[class path resource [myfile.txt], class path resource [myfile.txt], class path resource [myfile.txt]], username=[binchoo], usernameList=[binchoo, binchoo, binchoo]}
2022-05-01 10:52:41.947  INFO 13672 --- [o-auto-2-exec-1] multipart.MultipartController            : Part=upload
2022-05-01 10:52:41.948  INFO 13672 --- [o-auto-2-exec-1] multipart.MultipartController            : Content=File content.
<200,File content.,[Content-Type:"text/plain;charset=UTF-8", Content-Length:"13", Date:"Sun, 01 May 2022 01:52:41 GMT", Keep-Alive:"timeout=60", Connection:"keep-alive"]>
RequestBody: {upload=[class path resource [myfile.txt]], uploadList=[class path resource [myfile.txt], class path resource [myfile.txt], class path resource [myfile.txt]], username=[binchoo], usernameList=[binchoo, binchoo, binchoo]}
2022-05-01 10:52:41.992  INFO 13672 --- [o-auto-2-exec-5] multipart.MultipartController            : Part=upload
2022-05-01 10:52:41.992  INFO 13672 --- [o-auto-2-exec-5] multipart.MultipartController            : Content=File content.
<200,File content.,[Content-Type:"text/plain;charset=UTF-8", Content-Length:"13", Date:"Sun, 01 May 2022 01:52:41 GMT", Keep-Alive:"timeout=60", Connection:"keep-alive"]>
RequestBody: {upload=[class path resource [myfile.txt]], uploadList=[class path resource [myfile.txt], class path resource [myfile.txt], class path resource [myfile.txt]], username=[binchoo], usernameList=[binchoo, binchoo, binchoo]}
MultipartVo(upload=null, uploadList=null, username=null, usernameList=null)
<400,[Content-Length:"0", Date:"Sun, 01 May 2022 01:52:41 GMT", Connection:"close"]>
]]></system-out>
  <system-err><![CDATA[]]></system-err>
</testsuite>
