<?xml version="1.0" encoding="UTF-8"?>
<testsuite name="multipart.WithoutMultipartResolverIntegrationTest" tests="4" skipped="0" failures="0" errors="0" timestamp="2022-04-30T02:01:18" hostname="DESKTOP-RGN2VOK" time="0.91">
  <properties/>
  <testcase name="[1] url=/multipart/args" classname="multipart.WithoutMultipartResolverIntegrationTest" time="0.768"/>
  <testcase name="[2] url=/part/args" classname="multipart.WithoutMultipartResolverIntegrationTest" time="0.027"/>
  <testcase name="[3] url=/part/bind" classname="multipart.WithoutMultipartResolverIntegrationTest" time="0.039"/>
  <testcase name="[1] url=/multipart/bind" classname="multipart.WithoutMultipartResolverIntegrationTest" time="0.046"/>
  <system-out><![CDATA[11:01:15.005 [Test worker] DEBUG org.springframework.test.context.BootstrapUtils - Instantiating CacheAwareContextLoaderDelegate from class [org.springframework.test.context.cache.DefaultCacheAwareContextLoaderDelegate]
11:01:15.024 [Test worker] DEBUG org.springframework.test.context.BootstrapUtils - Instantiating BootstrapContext using constructor [public org.springframework.test.context.support.DefaultBootstrapContext(java.lang.Class,org.springframework.test.context.CacheAwareContextLoaderDelegate)]
11:01:15.078 [Test worker] DEBUG org.springframework.test.context.BootstrapUtils - Instantiating TestContextBootstrapper for test class [multipart.WithoutMultipartResolverIntegrationTest] from class [org.springframework.boot.test.context.SpringBootTestContextBootstrapper]
11:01:15.096 [Test worker] INFO org.springframework.boot.test.context.SpringBootTestContextBootstrapper - Neither @ContextConfiguration nor @ContextHierarchy found for test class [multipart.WithoutMultipartResolverIntegrationTest], using SpringBootContextLoader
11:01:15.102 [Test worker] DEBUG org.springframework.test.context.support.AbstractContextLoader - Did not detect default resource location for test class [multipart.WithoutMultipartResolverIntegrationTest]: class path resource [multipart/WithoutMultipartResolverIntegrationTest-context.xml] does not exist
11:01:15.103 [Test worker] DEBUG org.springframework.test.context.support.AbstractContextLoader - Did not detect default resource location for test class [multipart.WithoutMultipartResolverIntegrationTest]: class path resource [multipart/WithoutMultipartResolverIntegrationTestContext.groovy] does not exist
11:01:15.103 [Test worker] INFO org.springframework.test.context.support.AbstractContextLoader - Could not detect default resource locations for test class [multipart.WithoutMultipartResolverIntegrationTest]: no resource found for suffixes {-context.xml, Context.groovy}.
11:01:15.192 [Test worker] DEBUG org.springframework.test.context.support.ActiveProfilesUtils - Could not find an 'annotation declaring class' for annotation type [org.springframework.test.context.ActiveProfiles] and class [multipart.WithoutMultipartResolverIntegrationTest]
11:01:15.285 [Test worker] DEBUG org.springframework.context.annotation.ClassPathScanningCandidateComponentProvider - Identified candidate component class: file [F:\repositories\random\examples\multipart\resolver-config-test\build\classes\java\main\multipart\MultipartPracticeMain.class]
11:01:15.288 [Test worker] INFO org.springframework.boot.test.context.SpringBootTestContextBootstrapper - Found @SpringBootConfiguration multipart.MultipartPracticeMain for test class multipart.WithoutMultipartResolverIntegrationTest
11:01:15.434 [Test worker] DEBUG org.springframework.boot.test.context.SpringBootTestContextBootstrapper - @TestExecutionListeners is not present for class [multipart.WithoutMultipartResolverIntegrationTest]: using defaults.
11:01:15.435 [Test worker] INFO org.springframework.boot.test.context.SpringBootTestContextBootstrapper - Loaded default TestExecutionListener class names from location [META-INF/spring.factories]: [org.springframework.boot.test.autoconfigure.restdocs.RestDocsTestExecutionListener, org.springframework.boot.test.autoconfigure.web.client.MockRestServiceServerResetTestExecutionListener, org.springframework.boot.test.autoconfigure.web.servlet.MockMvcPrintOnlyOnFailureTestExecutionListener, org.springframework.boot.test.autoconfigure.web.servlet.WebDriverTestExecutionListener, org.springframework.boot.test.autoconfigure.webservices.client.MockWebServiceServerTestExecutionListener, org.springframework.boot.test.mock.mockito.MockitoTestExecutionListener, org.springframework.boot.test.mock.mockito.ResetMocksTestExecutionListener, org.springframework.test.context.web.ServletTestExecutionListener, org.springframework.test.context.support.DirtiesContextBeforeModesTestExecutionListener, org.springframework.test.context.event.ApplicationEventsTestExecutionListener, org.springframework.test.context.support.DependencyInjectionTestExecutionListener, org.springframework.test.context.support.DirtiesContextTestExecutionListener, org.springframework.test.context.transaction.TransactionalTestExecutionListener, org.springframework.test.context.jdbc.SqlScriptsTestExecutionListener, org.springframework.test.context.event.EventPublishingTestExecutionListener]
11:01:15.453 [Test worker] DEBUG org.springframework.boot.test.context.SpringBootTestContextBootstrapper - Skipping candidate TestExecutionListener [org.springframework.test.context.transaction.TransactionalTestExecutionListener] due to a missing dependency. Specify custom listener classes or make the default listener classes and their required dependencies available. Offending class: [org/springframework/transaction/interceptor/TransactionAttributeSource]
11:01:15.453 [Test worker] DEBUG org.springframework.boot.test.context.SpringBootTestContextBootstrapper - Skipping candidate TestExecutionListener [org.springframework.test.context.jdbc.SqlScriptsTestExecutionListener] due to a missing dependency. Specify custom listener classes or make the default listener classes and their required dependencies available. Offending class: [org/springframework/transaction/interceptor/TransactionAttribute]
11:01:15.454 [Test worker] INFO org.springframework.boot.test.context.SpringBootTestContextBootstrapper - Using TestExecutionListeners: [org.springframework.test.context.web.ServletTestExecutionListener@213e3629, org.springframework.test.context.support.DirtiesContextBeforeModesTestExecutionListener@4e9658b5, org.springframework.test.context.event.ApplicationEventsTestExecutionListener@2a7b6f69, org.springframework.boot.test.mock.mockito.MockitoTestExecutionListener@20312893, org.springframework.boot.test.autoconfigure.SpringBootDependencyInjectionTestExecutionListener@70eecdc2, org.springframework.test.context.support.DirtiesContextTestExecutionListener@c41709a, org.springframework.test.context.event.EventPublishingTestExecutionListener@7db0565c, org.springframework.boot.test.autoconfigure.restdocs.RestDocsTestExecutionListener@54ec8cc9, org.springframework.boot.test.autoconfigure.web.client.MockRestServiceServerResetTestExecutionListener@52eacb4b, org.springframework.boot.test.autoconfigure.web.servlet.MockMvcPrintOnlyOnFailureTestExecutionListener@5528a42c, org.springframework.boot.test.autoconfigure.web.servlet.WebDriverTestExecutionListener@2a551a63, org.springframework.boot.test.autoconfigure.webservices.client.MockWebServiceServerTestExecutionListener@1a6f5124, org.springframework.boot.test.mock.mockito.ResetMocksTestExecutionListener@1edb61b1]
11:01:15.460 [Test worker] DEBUG org.springframework.test.context.support.AbstractDirtiesContextTestExecutionListener - Before test class: context [DefaultTestContext@60d84f61 testClass = WithoutMultipartResolverIntegrationTest, testInstance = [null], testMethod = [null], testException = [null], mergedContextConfiguration = [WebMergedContextConfiguration@39c11e6c testClass = WithoutMultipartResolverIntegrationTest, locations = '{}', classes = '{class multipart.MultipartPracticeMain, class multipart.WithoutMultipartResolverIntegrationTest$ServletMultipartConfig}', contextInitializerClasses = '[]', activeProfiles = '{}', propertySourceLocations = '{}', propertySourceProperties = '{spring.servlet.multipart.enabled=false, org.springframework.boot.test.context.SpringBootTestContextBootstrapper=true, server.port=0}', contextCustomizers = set[org.springframework.boot.test.autoconfigure.actuate.metrics.MetricsExportContextCustomizerFactory$DisableMetricExportContextCustomizer@5a7005d, org.springframework.boot.test.autoconfigure.properties.PropertyMappingContextCustomizer@0, org.springframework.boot.test.autoconfigure.web.servlet.WebDriverContextCustomizerFactory$Customizer@72758afa, org.springframework.boot.test.context.filter.ExcludeFilterContextCustomizer@607fbe09, org.springframework.boot.test.json.DuplicateJsonObjectContextCustomizerFactory$DuplicateJsonObjectContextCustomizer@5dd91bca, org.springframework.boot.test.mock.mockito.MockitoContextCustomizer@0, org.springframework.boot.test.web.client.TestRestTemplateContextCustomizer@207b8649, org.springframework.boot.test.context.SpringBootTestArgs@1, org.springframework.boot.test.context.SpringBootTestWebEnvironment@163370c2], resourceBasePath = 'src/main/webapp', contextLoader = 'org.springframework.boot.test.context.SpringBootContextLoader', parent = [null]], attributes = map['org.springframework.test.context.web.ServletTestExecutionListener.activateListener' -> false]], class annotated with @DirtiesContext [false] with mode [null].
11:01:15.822 [Test worker] DEBUG org.springframework.test.context.support.DependencyInjectionTestExecutionListener - Performing dependency injection for test context [[DefaultTestContext@60d84f61 testClass = WithoutMultipartResolverIntegrationTest, testInstance = multipart.WithoutMultipartResolverIntegrationTest@4158debd, testMethod = [null], testException = [null], mergedContextConfiguration = [WebMergedContextConfiguration@39c11e6c testClass = WithoutMultipartResolverIntegrationTest, locations = '{}', classes = '{class multipart.MultipartPracticeMain, class multipart.WithoutMultipartResolverIntegrationTest$ServletMultipartConfig}', contextInitializerClasses = '[]', activeProfiles = '{}', propertySourceLocations = '{}', propertySourceProperties = '{spring.servlet.multipart.enabled=false, org.springframework.boot.test.context.SpringBootTestContextBootstrapper=true, server.port=0}', contextCustomizers = set[org.springframework.boot.test.autoconfigure.actuate.metrics.MetricsExportContextCustomizerFactory$DisableMetricExportContextCustomizer@5a7005d, org.springframework.boot.test.autoconfigure.properties.PropertyMappingContextCustomizer@0, org.springframework.boot.test.autoconfigure.web.servlet.WebDriverContextCustomizerFactory$Customizer@72758afa, org.springframework.boot.test.context.filter.ExcludeFilterContextCustomizer@607fbe09, org.springframework.boot.test.json.DuplicateJsonObjectContextCustomizerFactory$DuplicateJsonObjectContextCustomizer@5dd91bca, org.springframework.boot.test.mock.mockito.MockitoContextCustomizer@0, org.springframework.boot.test.web.client.TestRestTemplateContextCustomizer@207b8649, org.springframework.boot.test.context.SpringBootTestArgs@1, org.springframework.boot.test.context.SpringBootTestWebEnvironment@163370c2], resourceBasePath = 'src/main/webapp', contextLoader = 'org.springframework.boot.test.context.SpringBootContextLoader', parent = [null]], attributes = map['org.springframework.test.context.web.ServletTestExecutionListener.activateListener' -> false, 'org.springframework.test.context.event.ApplicationEventsTestExecutionListener.recordApplicationEvents' -> false]]].
11:01:15.857 [Test worker] DEBUG org.springframework.test.context.support.TestPropertySourceUtils - Adding inlined properties to environment: {spring.jmx.enabled=false, spring.servlet.multipart.enabled=false, org.springframework.boot.test.context.SpringBootTestContextBootstrapper=true, server.port=0}

  .   ____          _            __ _ _
 /\\ / ___'_ __ _ _(_)_ __  __ _ \ \ \ \
( ( )\___ | '_ | '_| | '_ \/ _` | \ \ \ \
 \\/  ___)| |_)| | | | | || (_| |  ) ) ) )
  '  |____| .__|_| |_|_| |_\__, | / / / /
 =========|_|==============|___/=/_/_/_/
 :: Spring Boot ::                (v2.4.2)

2022-04-30 11:01:16.306  INFO 15092 --- [    Test worker] .WithoutMultipartResolverIntegrationTest : Starting WithoutMultipartResolverIntegrationTest using Java 11.0.14.1 on DESKTOP-RGN2VOK with PID 15092 (started by wnwoq in F:\repositories\random\examples\multipart\resolver-config-test)
2022-04-30 11:01:16.309  INFO 15092 --- [    Test worker] .WithoutMultipartResolverIntegrationTest : No active profile set, falling back to default profiles: default
2022-04-30 11:01:17.662  INFO 15092 --- [    Test worker] o.s.b.w.embedded.tomcat.TomcatWebServer  : Tomcat initialized with port(s): 0 (http)
2022-04-30 11:01:17.680  INFO 15092 --- [    Test worker] o.apache.catalina.core.StandardService   : Starting service [Tomcat]
2022-04-30 11:01:17.681  INFO 15092 --- [    Test worker] org.apache.catalina.core.StandardEngine  : Starting Servlet engine: [Apache Tomcat/9.0.41]
2022-04-30 11:01:17.851  INFO 15092 --- [    Test worker] o.a.c.c.C.[Tomcat].[localhost].[/]       : Initializing Spring embedded WebApplicationContext
2022-04-30 11:01:17.851  INFO 15092 --- [    Test worker] w.s.c.ServletWebServerApplicationContext : Root WebApplicationContext: initialization completed in 1510 ms
2022-04-30 11:01:18.283  INFO 15092 --- [    Test worker] o.s.s.concurrent.ThreadPoolTaskExecutor  : Initializing ExecutorService 'applicationTaskExecutor'
2022-04-30 11:01:18.690  INFO 15092 --- [    Test worker] o.s.b.w.embedded.tomcat.TomcatWebServer  : Tomcat started on port(s): 10930 (http) with context path ''
2022-04-30 11:01:18.703  INFO 15092 --- [    Test worker] .WithoutMultipartResolverIntegrationTest : Started WithoutMultipartResolverIntegrationTest in 2.839 seconds (JVM running for 6.768)
RequestBody: {upload=[class path resource [myfile.txt]], uploadList=[class path resource [myfile.txt], class path resource [myfile.txt], class path resource [myfile.txt]], username=[binchoo], usernameList=[binchoo, binchoo, binchoo]}
2022-04-30 11:01:19.369  INFO 15092 --- [o-auto-1-exec-1] o.a.c.c.C.[Tomcat].[localhost].[/]       : Initializing Spring DispatcherServlet 'dispatcherServlet'
2022-04-30 11:01:19.369  INFO 15092 --- [o-auto-1-exec-1] o.s.web.servlet.DispatcherServlet        : Initializing Servlet 'dispatcherServlet'
2022-04-30 11:01:19.371  INFO 15092 --- [o-auto-1-exec-1] o.s.web.servlet.DispatcherServlet        : Completed initialization in 2 ms
2022-04-30 11:01:19.445  INFO 15092 --- [o-auto-1-exec-1] multipart.MultipartController            : MultipartFile=upload
2022-04-30 11:01:19.448  INFO 15092 --- [o-auto-1-exec-1] multipart.MultipartController            : Content=File content.
<200,File content.,[Content-Type:"text/plain;charset=UTF-8", Content-Length:"13", Date:"Sat, 30 Apr 2022 02:01:19 GMT", Keep-Alive:"timeout=60", Connection:"keep-alive"]>
RequestBody: {upload=[class path resource [myfile.txt]], uploadList=[class path resource [myfile.txt], class path resource [myfile.txt], class path resource [myfile.txt]], username=[binchoo], usernameList=[binchoo, binchoo, binchoo]}
2022-04-30 11:01:19.515  INFO 15092 --- [o-auto-1-exec-2] multipart.MultipartController            : Part=upload
2022-04-30 11:01:19.515  INFO 15092 --- [o-auto-1-exec-2] multipart.MultipartController            : Content=File content.
<200,File content.,[Content-Type:"text/plain;charset=UTF-8", Content-Length:"13", Date:"Sat, 30 Apr 2022 02:01:19 GMT", Keep-Alive:"timeout=60", Connection:"keep-alive"]>
RequestBody: {upload=[class path resource [myfile.txt]], uploadList=[class path resource [myfile.txt], class path resource [myfile.txt], class path resource [myfile.txt]], username=[binchoo], usernameList=[binchoo, binchoo, binchoo]}
2022-04-30 11:01:19.562  INFO 15092 --- [o-auto-1-exec-3] multipart.MultipartController            : Part=upload
2022-04-30 11:01:19.563  INFO 15092 --- [o-auto-1-exec-3] multipart.MultipartController            : Content=File content.
<200,File content.,[Content-Type:"text/plain;charset=UTF-8", Content-Length:"13", Date:"Sat, 30 Apr 2022 02:01:19 GMT", Keep-Alive:"timeout=60", Connection:"keep-alive"]>
RequestBody: {upload=[class path resource [myfile.txt]], uploadList=[class path resource [myfile.txt], class path resource [myfile.txt], class path resource [myfile.txt]], username=[binchoo], usernameList=[binchoo, binchoo, binchoo]}
MultipartVo(upload=null, uploadList=null, username=null, usernameList=null)
<400,[Content-Length:"0", Date:"Sat, 30 Apr 2022 02:01:19 GMT", Connection:"close"]>
]]></system-out>
  <system-err><![CDATA[]]></system-err>
</testsuite>
