<?xml version="1.0" encoding="UTF-8"?>
<testsuite name="multipart.MultipartResolverIntegrationTest" tests="4" skipped="0" failures="0" errors="0" timestamp="2022-04-29T15:52:12" hostname="DESKTOP-RGN2VOK" time="0.902">
  <properties/>
  <testcase name="[1] url=/multipart/args" classname="multipart.MultipartResolverIntegrationTest" time="0.802"/>
  <testcase name="[2] url=/multipart/bind" classname="multipart.MultipartResolverIntegrationTest" time="0.026"/>
  <testcase name="[3] url=/part/args" classname="multipart.MultipartResolverIntegrationTest" time="0.021"/>
  <testcase name="[1] url=/part/bind" classname="multipart.MultipartResolverIntegrationTest" time="0.022"/>
  <system-out><![CDATA[00:52:08.194 [Test worker] DEBUG org.springframework.test.context.BootstrapUtils - Instantiating CacheAwareContextLoaderDelegate from class [org.springframework.test.context.cache.DefaultCacheAwareContextLoaderDelegate]
00:52:08.211 [Test worker] DEBUG org.springframework.test.context.BootstrapUtils - Instantiating BootstrapContext using constructor [public org.springframework.test.context.support.DefaultBootstrapContext(java.lang.Class,org.springframework.test.context.CacheAwareContextLoaderDelegate)]
00:52:08.261 [Test worker] DEBUG org.springframework.test.context.BootstrapUtils - Instantiating TestContextBootstrapper for test class [multipart.MultipartResolverIntegrationTest] from class [org.springframework.boot.test.context.SpringBootTestContextBootstrapper]
00:52:08.275 [Test worker] INFO org.springframework.boot.test.context.SpringBootTestContextBootstrapper - Neither @ContextConfiguration nor @ContextHierarchy found for test class [multipart.MultipartResolverIntegrationTest], using SpringBootContextLoader
00:52:08.280 [Test worker] DEBUG org.springframework.test.context.support.AbstractContextLoader - Did not detect default resource location for test class [multipart.MultipartResolverIntegrationTest]: class path resource [multipart/MultipartResolverIntegrationTest-context.xml] does not exist
00:52:08.281 [Test worker] DEBUG org.springframework.test.context.support.AbstractContextLoader - Did not detect default resource location for test class [multipart.MultipartResolverIntegrationTest]: class path resource [multipart/MultipartResolverIntegrationTestContext.groovy] does not exist
00:52:08.281 [Test worker] INFO org.springframework.test.context.support.AbstractContextLoader - Could not detect default resource locations for test class [multipart.MultipartResolverIntegrationTest]: no resource found for suffixes {-context.xml, Context.groovy}.
00:52:08.282 [Test worker] INFO org.springframework.test.context.support.AnnotationConfigContextLoaderUtils - Could not detect default configuration classes for test class [multipart.MultipartResolverIntegrationTest]: MultipartResolverIntegrationTest does not declare any static, non-private, non-final, nested classes annotated with @Configuration.
00:52:08.336 [Test worker] DEBUG org.springframework.test.context.support.ActiveProfilesUtils - Could not find an 'annotation declaring class' for annotation type [org.springframework.test.context.ActiveProfiles] and class [multipart.MultipartResolverIntegrationTest]
00:52:08.419 [Test worker] DEBUG org.springframework.context.annotation.ClassPathScanningCandidateComponentProvider - Identified candidate component class: file [F:\repositories\gradle\multipart\app\build\classes\java\main\multipart\MultipartPracticeMain.class]
00:52:08.421 [Test worker] INFO org.springframework.boot.test.context.SpringBootTestContextBootstrapper - Found @SpringBootConfiguration multipart.MultipartPracticeMain for test class multipart.MultipartResolverIntegrationTest
00:52:08.547 [Test worker] DEBUG org.springframework.boot.test.context.SpringBootTestContextBootstrapper - @TestExecutionListeners is not present for class [multipart.MultipartResolverIntegrationTest]: using defaults.
00:52:08.548 [Test worker] INFO org.springframework.boot.test.context.SpringBootTestContextBootstrapper - Loaded default TestExecutionListener class names from location [META-INF/spring.factories]: [org.springframework.boot.test.autoconfigure.restdocs.RestDocsTestExecutionListener, org.springframework.boot.test.autoconfigure.web.client.MockRestServiceServerResetTestExecutionListener, org.springframework.boot.test.autoconfigure.web.servlet.MockMvcPrintOnlyOnFailureTestExecutionListener, org.springframework.boot.test.autoconfigure.web.servlet.WebDriverTestExecutionListener, org.springframework.boot.test.autoconfigure.webservices.client.MockWebServiceServerTestExecutionListener, org.springframework.boot.test.mock.mockito.MockitoTestExecutionListener, org.springframework.boot.test.mock.mockito.ResetMocksTestExecutionListener, org.springframework.test.context.web.ServletTestExecutionListener, org.springframework.test.context.support.DirtiesContextBeforeModesTestExecutionListener, org.springframework.test.context.event.ApplicationEventsTestExecutionListener, org.springframework.test.context.support.DependencyInjectionTestExecutionListener, org.springframework.test.context.support.DirtiesContextTestExecutionListener, org.springframework.test.context.transaction.TransactionalTestExecutionListener, org.springframework.test.context.jdbc.SqlScriptsTestExecutionListener, org.springframework.test.context.event.EventPublishingTestExecutionListener]
00:52:08.561 [Test worker] DEBUG org.springframework.boot.test.context.SpringBootTestContextBootstrapper - Skipping candidate TestExecutionListener [org.springframework.test.context.transaction.TransactionalTestExecutionListener] due to a missing dependency. Specify custom listener classes or make the default listener classes and their required dependencies available. Offending class: [org/springframework/transaction/interceptor/TransactionAttributeSource]
00:52:08.562 [Test worker] DEBUG org.springframework.boot.test.context.SpringBootTestContextBootstrapper - Skipping candidate TestExecutionListener [org.springframework.test.context.jdbc.SqlScriptsTestExecutionListener] due to a missing dependency. Specify custom listener classes or make the default listener classes and their required dependencies available. Offending class: [org/springframework/transaction/interceptor/TransactionAttribute]
00:52:08.563 [Test worker] INFO org.springframework.boot.test.context.SpringBootTestContextBootstrapper - Using TestExecutionListeners: [org.springframework.test.context.web.ServletTestExecutionListener@2ef8a8c3, org.springframework.test.context.support.DirtiesContextBeforeModesTestExecutionListener@24f43aa3, org.springframework.test.context.event.ApplicationEventsTestExecutionListener@63fd4873, org.springframework.boot.test.mock.mockito.MockitoTestExecutionListener@1e11bc55, org.springframework.boot.test.autoconfigure.SpringBootDependencyInjectionTestExecutionListener@7544a1e4, org.springframework.test.context.support.DirtiesContextTestExecutionListener@70e0accd, org.springframework.test.context.event.EventPublishingTestExecutionListener@7957dc72, org.springframework.boot.test.autoconfigure.restdocs.RestDocsTestExecutionListener@6ab72419, org.springframework.boot.test.autoconfigure.web.client.MockRestServiceServerResetTestExecutionListener@3aacf32a, org.springframework.boot.test.autoconfigure.web.servlet.MockMvcPrintOnlyOnFailureTestExecutionListener@4fdfa676, org.springframework.boot.test.autoconfigure.web.servlet.WebDriverTestExecutionListener@82c57b3, org.springframework.boot.test.autoconfigure.webservices.client.MockWebServiceServerTestExecutionListener@5be82d43, org.springframework.boot.test.mock.mockito.ResetMocksTestExecutionListener@600b0b7]
00:52:08.567 [Test worker] DEBUG org.springframework.test.context.support.AbstractDirtiesContextTestExecutionListener - Before test class: context [DefaultTestContext@6c451c9c testClass = MultipartResolverIntegrationTest, testInstance = [null], testMethod = [null], testException = [null], mergedContextConfiguration = [WebMergedContextConfiguration@31c269fd testClass = MultipartResolverIntegrationTest, locations = '{}', classes = '{class multipart.MultipartPracticeMain}', contextInitializerClasses = '[]', activeProfiles = '{}', propertySourceLocations = '{}', propertySourceProperties = '{spring.servlet.multipart.enabled=true, org.springframework.boot.test.context.SpringBootTestContextBootstrapper=true, server.port=0}', contextCustomizers = set[org.springframework.boot.test.autoconfigure.actuate.metrics.MetricsExportContextCustomizerFactory$DisableMetricExportContextCustomizer@5644dc81, org.springframework.boot.test.autoconfigure.properties.PropertyMappingContextCustomizer@0, org.springframework.boot.test.autoconfigure.web.servlet.WebDriverContextCustomizerFactory$Customizer@17a87e37, org.springframework.boot.test.context.filter.ExcludeFilterContextCustomizer@a202ccb, org.springframework.boot.test.json.DuplicateJsonObjectContextCustomizerFactory$DuplicateJsonObjectContextCustomizer@18025ced, org.springframework.boot.test.mock.mockito.MockitoContextCustomizer@0, org.springframework.boot.test.web.client.TestRestTemplateContextCustomizer@2974f221, org.springframework.boot.test.context.SpringBootTestArgs@1, org.springframework.boot.test.context.SpringBootTestWebEnvironment@264f218], resourceBasePath = 'src/main/webapp', contextLoader = 'org.springframework.boot.test.context.SpringBootContextLoader', parent = [null]], attributes = map['org.springframework.test.context.web.ServletTestExecutionListener.activateListener' -> false]], class annotated with @DirtiesContext [false] with mode [null].
00:52:08.887 [Test worker] DEBUG org.springframework.test.context.support.DependencyInjectionTestExecutionListener - Performing dependency injection for test context [[DefaultTestContext@6c451c9c testClass = MultipartResolverIntegrationTest, testInstance = multipart.MultipartResolverIntegrationTest@3a627c80, testMethod = [null], testException = [null], mergedContextConfiguration = [WebMergedContextConfiguration@31c269fd testClass = MultipartResolverIntegrationTest, locations = '{}', classes = '{class multipart.MultipartPracticeMain}', contextInitializerClasses = '[]', activeProfiles = '{}', propertySourceLocations = '{}', propertySourceProperties = '{spring.servlet.multipart.enabled=true, org.springframework.boot.test.context.SpringBootTestContextBootstrapper=true, server.port=0}', contextCustomizers = set[org.springframework.boot.test.autoconfigure.actuate.metrics.MetricsExportContextCustomizerFactory$DisableMetricExportContextCustomizer@5644dc81, org.springframework.boot.test.autoconfigure.properties.PropertyMappingContextCustomizer@0, org.springframework.boot.test.autoconfigure.web.servlet.WebDriverContextCustomizerFactory$Customizer@17a87e37, org.springframework.boot.test.context.filter.ExcludeFilterContextCustomizer@a202ccb, org.springframework.boot.test.json.DuplicateJsonObjectContextCustomizerFactory$DuplicateJsonObjectContextCustomizer@18025ced, org.springframework.boot.test.mock.mockito.MockitoContextCustomizer@0, org.springframework.boot.test.web.client.TestRestTemplateContextCustomizer@2974f221, org.springframework.boot.test.context.SpringBootTestArgs@1, org.springframework.boot.test.context.SpringBootTestWebEnvironment@264f218], resourceBasePath = 'src/main/webapp', contextLoader = 'org.springframework.boot.test.context.SpringBootContextLoader', parent = [null]], attributes = map['org.springframework.test.context.web.ServletTestExecutionListener.activateListener' -> false, 'org.springframework.test.context.event.ApplicationEventsTestExecutionListener.recordApplicationEvents' -> false]]].
00:52:08.925 [Test worker] DEBUG org.springframework.test.context.support.TestPropertySourceUtils - Adding inlined properties to environment: {spring.jmx.enabled=false, spring.servlet.multipart.enabled=true, org.springframework.boot.test.context.SpringBootTestContextBootstrapper=true, server.port=0}

  .   ____          _            __ _ _
 /\\ / ___'_ __ _ _(_)_ __  __ _ \ \ \ \
( ( )\___ | '_ | '_| | '_ \/ _` | \ \ \ \
 \\/  ___)| |_)| | | | | || (_| |  ) ) ) )
  '  |____| .__|_| |_|_| |_\__, | / / / /
 =========|_|==============|___/=/_/_/_/
 :: Spring Boot ::                (v2.4.2)

2022-04-30 00:52:09.360  INFO 3260 --- [    Test worker] m.MultipartResolverIntegrationTest       : Starting MultipartResolverIntegrationTest using Java 11.0.14.1 on DESKTOP-RGN2VOK with PID 3260 (started by wnwoq in F:\repositories\gradle\multipart\app)
2022-04-30 00:52:09.364  INFO 3260 --- [    Test worker] m.MultipartResolverIntegrationTest       : No active profile set, falling back to default profiles: default
2022-04-30 00:52:11.167  INFO 3260 --- [    Test worker] o.s.b.w.embedded.tomcat.TomcatWebServer  : Tomcat initialized with port(s): 0 (http)
2022-04-30 00:52:11.184  INFO 3260 --- [    Test worker] o.apache.catalina.core.StandardService   : Starting service [Tomcat]
2022-04-30 00:52:11.185  INFO 3260 --- [    Test worker] org.apache.catalina.core.StandardEngine  : Starting Servlet engine: [Apache Tomcat/9.0.41]
2022-04-30 00:52:11.348  INFO 3260 --- [    Test worker] o.a.c.c.C.[Tomcat].[localhost].[/]       : Initializing Spring embedded WebApplicationContext
2022-04-30 00:52:11.348  INFO 3260 --- [    Test worker] w.s.c.ServletWebServerApplicationContext : Root WebApplicationContext: initialization completed in 1959 ms
2022-04-30 00:52:11.758  INFO 3260 --- [    Test worker] o.s.s.concurrent.ThreadPoolTaskExecutor  : Initializing ExecutorService 'applicationTaskExecutor'
2022-04-30 00:52:12.176  INFO 3260 --- [    Test worker] o.s.b.w.embedded.tomcat.TomcatWebServer  : Tomcat started on port(s): 1624 (http) with context path ''
2022-04-30 00:52:12.189  INFO 3260 --- [    Test worker] m.MultipartResolverIntegrationTest       : Started MultipartResolverIntegrationTest in 3.26 seconds (JVM running for 6.722)
{upload=[class path resource [myfile.txt]]}
2022-04-30 00:52:12.848  INFO 3260 --- [o-auto-1-exec-1] o.a.c.c.C.[Tomcat].[localhost].[/]       : Initializing Spring DispatcherServlet 'dispatcherServlet'
2022-04-30 00:52:12.849  INFO 3260 --- [o-auto-1-exec-1] o.s.web.servlet.DispatcherServlet        : Initializing Servlet 'dispatcherServlet'
2022-04-30 00:52:12.850  INFO 3260 --- [o-auto-1-exec-1] o.s.web.servlet.DispatcherServlet        : Completed initialization in 1 ms
2022-04-30 00:52:12.952  INFO 3260 --- [o-auto-1-exec-1] multipart.MultipartController            : MultipartFile=upload
2022-04-30 00:52:12.955  INFO 3260 --- [o-auto-1-exec-1] multipart.MultipartController            : Content=File content.
{upload=[class path resource [myfile.txt]]}
2022-04-30 00:52:13.032  INFO 3260 --- [o-auto-1-exec-2] multipart.MultipartController            : MultipartFile=upload
2022-04-30 00:52:13.032  INFO 3260 --- [o-auto-1-exec-2] multipart.MultipartController            : Content=File content.
{upload=[class path resource [myfile.txt]]}
2022-04-30 00:52:13.060  INFO 3260 --- [o-auto-1-exec-3] multipart.MultipartController            : Part=upload
2022-04-30 00:52:13.060  INFO 3260 --- [o-auto-1-exec-3] multipart.MultipartController            : Content=File content.
{upload=[class path resource [myfile.txt]]}
<400,[Content-Length:"0", Date:"Fri, 29 Apr 2022 15:52:12 GMT", Connection:"close"]>
]]></system-out>
  <system-err><![CDATA[]]></system-err>
</testsuite>
