<?xml version="1.0" encoding="UTF-8"?>
<testsuite name="multipart.MultipartResolverIntegrationTest" tests="4" skipped="0" failures="0" errors="0" timestamp="2022-05-01T01:52:39" hostname="DESKTOP-RGN2VOK" time="1.304">
  <properties/>
  <testcase name="[1] url=/multipart/args" classname="multipart.MultipartResolverIntegrationTest" time="1.061"/>
  <testcase name="[2] url=/multipart/bind" classname="multipart.MultipartResolverIntegrationTest" time="0.074"/>
  <testcase name="[3] url=/part/args" classname="multipart.MultipartResolverIntegrationTest" time="0.049"/>
  <testcase name="[1] url=/part/bind" classname="multipart.MultipartResolverIntegrationTest" time="0.079"/>
  <system-out><![CDATA[10:52:34.914 [Test worker] DEBUG org.springframework.test.context.BootstrapUtils - Instantiating CacheAwareContextLoaderDelegate from class [org.springframework.test.context.cache.DefaultCacheAwareContextLoaderDelegate]
10:52:34.933 [Test worker] DEBUG org.springframework.test.context.BootstrapUtils - Instantiating BootstrapContext using constructor [public org.springframework.test.context.support.DefaultBootstrapContext(java.lang.Class,org.springframework.test.context.CacheAwareContextLoaderDelegate)]
10:52:35.009 [Test worker] DEBUG org.springframework.test.context.BootstrapUtils - Instantiating TestContextBootstrapper for test class [multipart.MultipartResolverIntegrationTest] from class [org.springframework.boot.test.context.SpringBootTestContextBootstrapper]
10:52:35.030 [Test worker] INFO org.springframework.boot.test.context.SpringBootTestContextBootstrapper - Neither @ContextConfiguration nor @ContextHierarchy found for test class [multipart.MultipartResolverIntegrationTest], using SpringBootContextLoader
10:52:35.036 [Test worker] DEBUG org.springframework.test.context.support.AbstractContextLoader - Did not detect default resource location for test class [multipart.MultipartResolverIntegrationTest]: class path resource [multipart/MultipartResolverIntegrationTest-context.xml] does not exist
10:52:35.037 [Test worker] DEBUG org.springframework.test.context.support.AbstractContextLoader - Did not detect default resource location for test class [multipart.MultipartResolverIntegrationTest]: class path resource [multipart/MultipartResolverIntegrationTestContext.groovy] does not exist
10:52:35.038 [Test worker] INFO org.springframework.test.context.support.AbstractContextLoader - Could not detect default resource locations for test class [multipart.MultipartResolverIntegrationTest]: no resource found for suffixes {-context.xml, Context.groovy}.
10:52:35.039 [Test worker] INFO org.springframework.test.context.support.AnnotationConfigContextLoaderUtils - Could not detect default configuration classes for test class [multipart.MultipartResolverIntegrationTest]: MultipartResolverIntegrationTest does not declare any static, non-private, non-final, nested classes annotated with @Configuration.
10:52:35.114 [Test worker] DEBUG org.springframework.test.context.support.ActiveProfilesUtils - Could not find an 'annotation declaring class' for annotation type [org.springframework.test.context.ActiveProfiles] and class [multipart.MultipartResolverIntegrationTest]
10:52:35.223 [Test worker] DEBUG org.springframework.context.annotation.ClassPathScanningCandidateComponentProvider - Identified candidate component class: file [F:\repositories\random\examples\multipart\resolver-config-test\build\classes\java\main\multipart\MultipartPracticeMain.class]
10:52:35.226 [Test worker] INFO org.springframework.boot.test.context.SpringBootTestContextBootstrapper - Found @SpringBootConfiguration multipart.MultipartPracticeMain for test class multipart.MultipartResolverIntegrationTest
10:52:35.389 [Test worker] DEBUG org.springframework.boot.test.context.SpringBootTestContextBootstrapper - @TestExecutionListeners is not present for class [multipart.MultipartResolverIntegrationTest]: using defaults.
10:52:35.390 [Test worker] INFO org.springframework.boot.test.context.SpringBootTestContextBootstrapper - Loaded default TestExecutionListener class names from location [META-INF/spring.factories]: [org.springframework.boot.test.autoconfigure.restdocs.RestDocsTestExecutionListener, org.springframework.boot.test.autoconfigure.web.client.MockRestServiceServerResetTestExecutionListener, org.springframework.boot.test.autoconfigure.web.servlet.MockMvcPrintOnlyOnFailureTestExecutionListener, org.springframework.boot.test.autoconfigure.web.servlet.WebDriverTestExecutionListener, org.springframework.boot.test.autoconfigure.webservices.client.MockWebServiceServerTestExecutionListener, org.springframework.boot.test.mock.mockito.MockitoTestExecutionListener, org.springframework.boot.test.mock.mockito.ResetMocksTestExecutionListener, org.springframework.test.context.web.ServletTestExecutionListener, org.springframework.test.context.support.DirtiesContextBeforeModesTestExecutionListener, org.springframework.test.context.event.ApplicationEventsTestExecutionListener, org.springframework.test.context.support.DependencyInjectionTestExecutionListener, org.springframework.test.context.support.DirtiesContextTestExecutionListener, org.springframework.test.context.transaction.TransactionalTestExecutionListener, org.springframework.test.context.jdbc.SqlScriptsTestExecutionListener, org.springframework.test.context.event.EventPublishingTestExecutionListener]
10:52:35.408 [Test worker] DEBUG org.springframework.boot.test.context.SpringBootTestContextBootstrapper - Skipping candidate TestExecutionListener [org.springframework.test.context.transaction.TransactionalTestExecutionListener] due to a missing dependency. Specify custom listener classes or make the default listener classes and their required dependencies available. Offending class: [org/springframework/transaction/interceptor/TransactionAttributeSource]
10:52:35.409 [Test worker] DEBUG org.springframework.boot.test.context.SpringBootTestContextBootstrapper - Skipping candidate TestExecutionListener [org.springframework.test.context.jdbc.SqlScriptsTestExecutionListener] due to a missing dependency. Specify custom listener classes or make the default listener classes and their required dependencies available. Offending class: [org/springframework/transaction/interceptor/TransactionAttribute]
10:52:35.409 [Test worker] INFO org.springframework.boot.test.context.SpringBootTestContextBootstrapper - Using TestExecutionListeners: [org.springframework.test.context.web.ServletTestExecutionListener@5bbc9f97, org.springframework.test.context.support.DirtiesContextBeforeModesTestExecutionListener@133e019b, org.springframework.test.context.event.ApplicationEventsTestExecutionListener@41382722, org.springframework.boot.test.mock.mockito.MockitoTestExecutionListener@7dac3fd8, org.springframework.boot.test.autoconfigure.SpringBootDependencyInjectionTestExecutionListener@425357dd, org.springframework.test.context.support.DirtiesContextTestExecutionListener@2102a4d5, org.springframework.test.context.event.EventPublishingTestExecutionListener@210386e0, org.springframework.boot.test.autoconfigure.restdocs.RestDocsTestExecutionListener@3d4d3fe7, org.springframework.boot.test.autoconfigure.web.client.MockRestServiceServerResetTestExecutionListener@65f87a2c, org.springframework.boot.test.autoconfigure.web.servlet.MockMvcPrintOnlyOnFailureTestExecutionListener@51684e4a, org.springframework.boot.test.autoconfigure.web.servlet.WebDriverTestExecutionListener@6ce1f601, org.springframework.boot.test.autoconfigure.webservices.client.MockWebServiceServerTestExecutionListener@38875e7d, org.springframework.boot.test.mock.mockito.ResetMocksTestExecutionListener@1e886a5b]
10:52:35.417 [Test worker] DEBUG org.springframework.test.context.support.AbstractDirtiesContextTestExecutionListener - Before test class: context [DefaultTestContext@29539e36 testClass = MultipartResolverIntegrationTest, testInstance = [null], testMethod = [null], testException = [null], mergedContextConfiguration = [WebMergedContextConfiguration@32f61a31 testClass = MultipartResolverIntegrationTest, locations = '{}', classes = '{class multipart.MultipartPracticeMain}', contextInitializerClasses = '[]', activeProfiles = '{}', propertySourceLocations = '{}', propertySourceProperties = '{spring.servlet.multipart.enabled=true, org.springframework.boot.test.context.SpringBootTestContextBootstrapper=true, server.port=0}', contextCustomizers = set[org.springframework.boot.test.autoconfigure.actuate.metrics.MetricsExportContextCustomizerFactory$DisableMetricExportContextCustomizer@3543df7d, org.springframework.boot.test.autoconfigure.properties.PropertyMappingContextCustomizer@0, org.springframework.boot.test.autoconfigure.web.servlet.WebDriverContextCustomizerFactory$Customizer@1021f6c9, org.springframework.boot.test.context.filter.ExcludeFilterContextCustomizer@3fa2213, org.springframework.boot.test.json.DuplicateJsonObjectContextCustomizerFactory$DuplicateJsonObjectContextCustomizer@6035b93b, org.springframework.boot.test.mock.mockito.MockitoContextCustomizer@0, org.springframework.boot.test.web.client.TestRestTemplateContextCustomizer@4c398c80, org.springframework.boot.test.context.SpringBootTestArgs@1, org.springframework.boot.test.context.SpringBootTestWebEnvironment@2ca923bb], resourceBasePath = 'src/main/webapp', contextLoader = 'org.springframework.boot.test.context.SpringBootContextLoader', parent = [null]], attributes = map['org.springframework.test.context.web.ServletTestExecutionListener.activateListener' -> false]], class annotated with @DirtiesContext [false] with mode [null].
10:52:35.799 [Test worker] DEBUG org.springframework.test.context.support.DependencyInjectionTestExecutionListener - Performing dependency injection for test context [[DefaultTestContext@29539e36 testClass = MultipartResolverIntegrationTest, testInstance = multipart.MultipartResolverIntegrationTest@773c0293, testMethod = [null], testException = [null], mergedContextConfiguration = [WebMergedContextConfiguration@32f61a31 testClass = MultipartResolverIntegrationTest, locations = '{}', classes = '{class multipart.MultipartPracticeMain}', contextInitializerClasses = '[]', activeProfiles = '{}', propertySourceLocations = '{}', propertySourceProperties = '{spring.servlet.multipart.enabled=true, org.springframework.boot.test.context.SpringBootTestContextBootstrapper=true, server.port=0}', contextCustomizers = set[org.springframework.boot.test.autoconfigure.actuate.metrics.MetricsExportContextCustomizerFactory$DisableMetricExportContextCustomizer@3543df7d, org.springframework.boot.test.autoconfigure.properties.PropertyMappingContextCustomizer@0, org.springframework.boot.test.autoconfigure.web.servlet.WebDriverContextCustomizerFactory$Customizer@1021f6c9, org.springframework.boot.test.context.filter.ExcludeFilterContextCustomizer@3fa2213, org.springframework.boot.test.json.DuplicateJsonObjectContextCustomizerFactory$DuplicateJsonObjectContextCustomizer@6035b93b, org.springframework.boot.test.mock.mockito.MockitoContextCustomizer@0, org.springframework.boot.test.web.client.TestRestTemplateContextCustomizer@4c398c80, org.springframework.boot.test.context.SpringBootTestArgs@1, org.springframework.boot.test.context.SpringBootTestWebEnvironment@2ca923bb], resourceBasePath = 'src/main/webapp', contextLoader = 'org.springframework.boot.test.context.SpringBootContextLoader', parent = [null]], attributes = map['org.springframework.test.context.web.ServletTestExecutionListener.activateListener' -> false, 'org.springframework.test.context.event.ApplicationEventsTestExecutionListener.recordApplicationEvents' -> false]]].
10:52:35.844 [Test worker] DEBUG org.springframework.test.context.support.TestPropertySourceUtils - Adding inlined properties to environment: {spring.jmx.enabled=false, spring.servlet.multipart.enabled=true, org.springframework.boot.test.context.SpringBootTestContextBootstrapper=true, server.port=0}

  .   ____          _            __ _ _
 /\\ / ___'_ __ _ _(_)_ __  __ _ \ \ \ \
( ( )\___ | '_ | '_| | '_ \/ _` | \ \ \ \
 \\/  ___)| |_)| | | | | || (_| |  ) ) ) )
  '  |____| .__|_| |_|_| |_\__, | / / / /
 =========|_|==============|___/=/_/_/_/
 :: Spring Boot ::                (v2.4.2)

2022-05-01 10:52:36.430  INFO 13672 --- [    Test worker] m.MultipartResolverIntegrationTest       : Starting MultipartResolverIntegrationTest using Java 11.0.14.1 on DESKTOP-RGN2VOK with PID 13672 (started by wnwoq in F:\repositories\random\examples\multipart\resolver-config-test)
2022-05-01 10:52:36.434  INFO 13672 --- [    Test worker] m.MultipartResolverIntegrationTest       : No active profile set, falling back to default profiles: default
2022-05-01 10:52:38.057  INFO 13672 --- [    Test worker] o.s.b.w.embedded.tomcat.TomcatWebServer  : Tomcat initialized with port(s): 0 (http)
2022-05-01 10:52:38.073  INFO 13672 --- [    Test worker] o.apache.catalina.core.StandardService   : Starting service [Tomcat]
2022-05-01 10:52:38.074  INFO 13672 --- [    Test worker] org.apache.catalina.core.StandardEngine  : Starting Servlet engine: [Apache Tomcat/9.0.41]
2022-05-01 10:52:38.254  INFO 13672 --- [    Test worker] o.a.c.c.C.[Tomcat].[localhost].[/]       : Initializing Spring embedded WebApplicationContext
2022-05-01 10:52:38.254  INFO 13672 --- [    Test worker] w.s.c.ServletWebServerApplicationContext : Root WebApplicationContext: initialization completed in 1778 ms
2022-05-01 10:52:38.745  INFO 13672 --- [    Test worker] o.s.s.concurrent.ThreadPoolTaskExecutor  : Initializing ExecutorService 'applicationTaskExecutor'
2022-05-01 10:52:39.290  INFO 13672 --- [    Test worker] o.s.b.w.embedded.tomcat.TomcatWebServer  : Tomcat started on port(s): 7749 (http) with context path ''
2022-05-01 10:52:39.310  INFO 13672 --- [    Test worker] m.MultipartResolverIntegrationTest       : Started MultipartResolverIntegrationTest in 3.457 seconds (JVM running for 7.722)
RequestBody: {upload=[class path resource [myfile.txt]], uploadList=[class path resource [myfile.txt], class path resource [myfile.txt], class path resource [myfile.txt]], username=[binchoo], usernameList=[binchoo, binchoo, binchoo]}
2022-05-01 10:52:40.155  INFO 13672 --- [o-auto-1-exec-2] o.a.c.c.C.[Tomcat].[localhost].[/]       : Initializing Spring DispatcherServlet 'dispatcherServlet'
2022-05-01 10:52:40.156  INFO 13672 --- [o-auto-1-exec-2] o.s.web.servlet.DispatcherServlet        : Initializing Servlet 'dispatcherServlet'
2022-05-01 10:52:40.158  INFO 13672 --- [o-auto-1-exec-2] o.s.web.servlet.DispatcherServlet        : Completed initialization in 1 ms
2022-05-01 10:52:40.318  INFO 13672 --- [o-auto-1-exec-2] multipart.MultipartController            : MultipartFile=upload
2022-05-01 10:52:40.321  INFO 13672 --- [o-auto-1-exec-2] multipart.MultipartController            : Content=File content.
RequestBody: {upload=[class path resource [myfile.txt]], uploadList=[class path resource [myfile.txt], class path resource [myfile.txt], class path resource [myfile.txt]], username=[binchoo], usernameList=[binchoo, binchoo, binchoo]}
2022-05-01 10:52:40.471  INFO 13672 --- [o-auto-1-exec-3] multipart.MultipartController            : MultipartFile=upload
2022-05-01 10:52:40.472  INFO 13672 --- [o-auto-1-exec-3] multipart.MultipartController            : Content=File content.
RequestBody: {upload=[class path resource [myfile.txt]], uploadList=[class path resource [myfile.txt], class path resource [myfile.txt], class path resource [myfile.txt]], username=[binchoo], usernameList=[binchoo, binchoo, binchoo]}
2022-05-01 10:52:40.531  INFO 13672 --- [o-auto-1-exec-1] multipart.MultipartController            : Part=upload
2022-05-01 10:52:40.532  INFO 13672 --- [o-auto-1-exec-1] multipart.MultipartController            : Content=File content.
RequestBody: {upload=[class path resource [myfile.txt]], uploadList=[class path resource [myfile.txt], class path resource [myfile.txt], class path resource [myfile.txt]], username=[binchoo], usernameList=[binchoo, binchoo, binchoo]}
PartVo(upload=null, uploadList=null, username=null, usernameList=null)
<400,[Content-Length:"0", Date:"Sun, 01 May 2022 01:52:40 GMT", Connection:"close"]>
]]></system-out>
  <system-err><![CDATA[]]></system-err>
</testsuite>
